2022-05-29 00:21:12,241 INFO com.lti.upskill.courseservice.CourseServiceApplication [main] Starting CourseServiceApplication using Java 1.8.0_20 on Minals-MacBook-Pro-2.local with PID 18540 (/Users/minal/LTI/upskill/course-service/target/classes started by minal in /Users/minal/LTI/upskill/course-service)
2022-05-29 00:21:12,253 DEBUG com.lti.upskill.courseservice.CourseServiceApplication [main] Running with Spring Boot v2.7.0, Spring v5.3.20
2022-05-29 00:21:12,260 INFO com.lti.upskill.courseservice.CourseServiceApplication [main] No active profile set, falling back to 1 default profile: "default"
2022-05-29 00:21:38,776 INFO com.lti.upskill.courseservice.CourseServiceApplication [main] Started CourseServiceApplication in 27.647 seconds (JVM running for 29.223)
2022-05-29 00:35:43,051 ERROR com.netflix.discovery.DiscoveryClient [SpringApplicationShutdownHook] DiscoveryClient_COURSE-SERVICE/192.168.29.227:COURSE-SERVICE:9002 - de-registration failedCannot execute request on any known server
com.netflix.discovery.shared.transport.TransportException: Cannot execute request on any known server
	at com.netflix.discovery.shared.transport.decorator.RetryableEurekaHttpClient.execute(RetryableEurekaHttpClient.java:112)
	at com.netflix.discovery.shared.transport.decorator.EurekaHttpClientDecorator.cancel(EurekaHttpClientDecorator.java:71)
	at com.netflix.discovery.shared.transport.decorator.EurekaHttpClientDecorator$2.execute(EurekaHttpClientDecorator.java:74)
	at com.netflix.discovery.shared.transport.decorator.SessionedEurekaHttpClient.execute(SessionedEurekaHttpClient.java:77)
	at com.netflix.discovery.shared.transport.decorator.EurekaHttpClientDecorator.cancel(EurekaHttpClientDecorator.java:71)
	at com.netflix.discovery.DiscoveryClient.unregister(DiscoveryClient.java:972)
	at com.netflix.discovery.DiscoveryClient.shutdown(DiscoveryClient.java:948)
	at sun.reflect.NativeMethodAccessorImpl.invoke0(Native Method)
	at sun.reflect.NativeMethodAccessorImpl.invoke(NativeMethodAccessorImpl.java:62)
	at sun.reflect.DelegatingMethodAccessorImpl.invoke(DelegatingMethodAccessorImpl.java:43)
	at java.lang.reflect.Method.invoke(Method.java:483)
	at org.springframework.beans.factory.annotation.InitDestroyAnnotationBeanPostProcessor$LifecycleElement.invoke(InitDestroyAnnotationBeanPostProcessor.java:389)
	at org.springframework.beans.factory.annotation.InitDestroyAnnotationBeanPostProcessor$LifecycleMetadata.invokeDestroyMethods(InitDestroyAnnotationBeanPostProcessor.java:347)
	at org.springframework.beans.factory.annotation.InitDestroyAnnotationBeanPostProcessor.postProcessBeforeDestruction(InitDestroyAnnotationBeanPostProcessor.java:177)
	at org.springframework.beans.factory.support.DisposableBeanAdapter.destroy(DisposableBeanAdapter.java:197)
	at org.springframework.beans.factory.support.DisposableBeanAdapter.run(DisposableBeanAdapter.java:190)
	at org.springframework.cloud.context.scope.GenericScope$BeanLifecycleWrapper.destroy(GenericScope.java:390)
	at org.springframework.cloud.context.scope.GenericScope.destroy(GenericScope.java:136)
	at org.springframework.beans.factory.support.DisposableBeanAdapter.destroy(DisposableBeanAdapter.java:213)
	at org.springframework.beans.factory.support.DefaultSingletonBeanRegistry.destroyBean(DefaultSingletonBeanRegistry.java:587)
	at org.springframework.beans.factory.support.DefaultSingletonBeanRegistry.destroySingleton(DefaultSingletonBeanRegistry.java:559)
	at org.springframework.beans.factory.support.DefaultListableBeanFactory.destroySingleton(DefaultListableBeanFactory.java:1161)
	at org.springframework.beans.factory.support.DefaultSingletonBeanRegistry.destroySingletons(DefaultSingletonBeanRegistry.java:520)
	at org.springframework.beans.factory.support.DefaultListableBeanFactory.destroySingletons(DefaultListableBeanFactory.java:1154)
	at org.springframework.context.support.AbstractApplicationContext.destroyBeans(AbstractApplicationContext.java:1106)
	at org.springframework.context.support.AbstractApplicationContext.doClose(AbstractApplicationContext.java:1075)
	at org.springframework.boot.web.servlet.context.ServletWebServerApplicationContext.doClose(ServletWebServerApplicationContext.java:174)
	at org.springframework.context.support.AbstractApplicationContext.close(AbstractApplicationContext.java:1021)
	at org.springframework.boot.SpringApplicationShutdownHook.closeAndWait(SpringApplicationShutdownHook.java:145)
	at org.springframework.boot.SpringApplicationShutdownHook$$Lambda$1318/849218095.accept(Unknown Source)
	at java.lang.Iterable.forEach(Iterable.java:75)
	at org.springframework.boot.SpringApplicationShutdownHook.run(SpringApplicationShutdownHook.java:114)
	at java.lang.Thread.run(Thread.java:745)
2022-05-29 00:36:24,700 INFO com.lti.upskill.courseservice.CourseServiceApplication [main] Starting CourseServiceApplication using Java 1.8.0_20 on Minals-MacBook-Pro-2.local with PID 18951 (/Users/minal/LTI/upskill/course-service/target/classes started by minal in /Users/minal/LTI/upskill/course-service)
2022-05-29 00:36:24,704 DEBUG com.lti.upskill.courseservice.CourseServiceApplication [main] Running with Spring Boot v2.7.0, Spring v5.3.20
2022-05-29 00:36:24,709 INFO com.lti.upskill.courseservice.CourseServiceApplication [main] No active profile set, falling back to 1 default profile: "default"
2022-05-29 00:36:46,753 INFO com.lti.upskill.courseservice.CourseServiceApplication [main] Started CourseServiceApplication in 23.666 seconds (JVM running for 25.221)
2022-05-29 13:17:05,447 INFO com.lti.upskill.courseservice.controller.MainController [http-nio-9002-exec-2] Welcome to Upskill
2022-05-29 16:56:06,612 INFO com.lti.upskill.courseservice.controller.MainController [http-nio-9002-exec-5] Welcome to Upskill
2022-05-29 17:13:39,463 INFO com.lti.upskill.courseservice.CourseServiceApplication [main] Starting CourseServiceApplication using Java 1.8.0_20 on Minals-MacBook-Pro-2.local with PID 26021 (/Users/minal/LTI/upskill/course-service/target/classes started by minal in /Users/minal/LTI/upskill/course-service)
2022-05-29 17:13:39,475 DEBUG com.lti.upskill.courseservice.CourseServiceApplication [main] Running with Spring Boot v2.7.0, Spring v5.3.20
2022-05-29 17:13:39,486 INFO com.lti.upskill.courseservice.CourseServiceApplication [main] No active profile set, falling back to 1 default profile: "default"
2022-05-29 17:14:07,789 INFO com.lti.upskill.courseservice.CourseServiceApplication [main] Started CourseServiceApplication in 29.483 seconds (JVM running for 31.507)
2022-05-29 17:30:27,361 INFO com.lti.upskill.courseservice.CourseServiceApplication [main] Starting CourseServiceApplication using Java 1.8.0_20 on Minals-MacBook-Pro-2.local with PID 26656 (/Users/minal/LTI/upskill/course-service/target/classes started by minal in /Users/minal/LTI/upskill/course-service)
2022-05-29 17:30:27,369 DEBUG com.lti.upskill.courseservice.CourseServiceApplication [main] Running with Spring Boot v2.7.0, Spring v5.3.20
2022-05-29 17:30:27,376 INFO com.lti.upskill.courseservice.CourseServiceApplication [main] No active profile set, falling back to 1 default profile: "default"
2022-05-29 17:30:49,757 INFO com.lti.upskill.courseservice.CourseServiceApplication [main] Started CourseServiceApplication in 24.019 seconds (JVM running for 25.641)
2022-05-29 17:45:16,606 INFO com.lti.upskill.courseservice.CourseServiceApplication [main] Starting CourseServiceApplication using Java 1.8.0_20 on Minals-MacBook-Pro-2.local with PID 27323 (/Users/minal/LTI/upskill/course-service/target/classes started by minal in /Users/minal/LTI/upskill/course-service)
2022-05-29 17:45:16,610 DEBUG com.lti.upskill.courseservice.CourseServiceApplication [main] Running with Spring Boot v2.7.0, Spring v5.3.20
2022-05-29 17:45:16,613 INFO com.lti.upskill.courseservice.CourseServiceApplication [main] No active profile set, falling back to 1 default profile: "default"
2022-05-29 17:45:27,322 INFO com.lti.upskill.courseservice.CourseServiceApplication [main] Started CourseServiceApplication in 11.674 seconds (JVM running for 12.894)
